#
# There is insufficient memory for the Java Runtime Environment to continue.
# Native memory allocation (mmap) failed to map 103809024 bytes for G1 virtual space
# Possible reasons:
#   The system is out of physical RAM or swap space
#   The process is running with CompressedOops enabled, and the Java Heap may be blocking the growth of the native heap
# Possible solutions:
#   Reduce memory load on the system
#   Increase physical memory or swap space
#   Check if swap backing store is full
#   Decrease Java heap size (-Xmx/-Xms)
#   Decrease number of Java threads
#   Decrease Java thread stack sizes (-Xss)
#   Set larger code cache with -XX:ReservedCodeCacheSize=
#   JVM is running with Unscaled Compressed Oops mode in which the Java heap is
#     placed in the first 4GB address space. The Java Heap base address is the
#     maximum limit for the native heap growth. Please use -XX:HeapBaseMinAddress
#     to set the Java Heap base and to place the Java Heap above 4GB virtual address.
# This output file may be truncated or incomplete.
#
#  Out of Memory Error (os_windows.cpp:3536), pid=25224, tid=20276
#
# JRE version: Java(TM) SE Runtime Environment (19.0.2+7) (build 19.0.2+7-44)
# Java VM: Java HotSpot(TM) 64-Bit Server VM (19.0.2+7-44, mixed mode, emulated-client, sharing, tiered, compressed oops, compressed class ptrs, g1 gc, windows-amd64)
# No core dump will be written. Minidumps are not enabled by default on client versions of Windows
#

---------------  S U M M A R Y ------------

Command Line: -XX:TieredStopAtLevel=1 -Xverify:none -Dspring.output.ansi.enabled=always -javaagent:D:\Program Files\JetBrains\IntelliJ IDEA 2020.3.4\lib\idea_rt.jar=52214:D:\Program Files\JetBrains\IntelliJ IDEA 2020.3.4\bin -Dcom.sun.management.jmxremote -Dspring.jmx.enabled=true -Dspring.liveBeansView.mbeanDomain -Dspring.application.admin.enabled=true -Dfile.encoding=UTF-8 com.example.demo.DemoApplication

Host: 11th Gen Intel(R) Core(TM) i5-11320H @ 3.20GHz, 8 cores, 7G,  Windows 11 , 64 bit Build 22621 (10.0.22621.3374)
Time: Fri May  3 19:07:12 2024 SE Asia Standard Time elapsed time: 11.323377 seconds (0d 0h 0m 11s)

---------------  T H R E A D  ---------------

Current thread (0x000001e61ab5ea80):  VMThread "VM Thread" [stack: 0x000000bf4d000000,0x000000bf4d100000] [id=20276]

Stack: [0x000000bf4d000000,0x000000bf4d100000]
Native frames: (J=compiled Java code, j=interpreted, Vv=VM code, C=native code)
V  [jvm.dll+0x6ee21a]
V  [jvm.dll+0x85765e]
V  [jvm.dll+0x85904e]
V  [jvm.dll+0x859703]
V  [jvm.dll+0x28298f]
V  [jvm.dll+0x6eb009]
V  [jvm.dll+0x6dfbaa]
V  [jvm.dll+0x3573f6]
V  [jvm.dll+0x35ee56]
V  [jvm.dll+0x3b541e]
V  [jvm.dll+0x3b564f]
V  [jvm.dll+0x32c9ea]
V  [jvm.dll+0x32ca97]
V  [jvm.dll+0x374cd2]
V  [jvm.dll+0x37340f]
V  [jvm.dll+0x32c210]
V  [jvm.dll+0x3729ab]
V  [jvm.dll+0x85ebc3]
V  [jvm.dll+0x85f989]
V  [jvm.dll+0x85febd]
V  [jvm.dll+0x86034b]
V  [jvm.dll+0x860407]
V  [jvm.dll+0x80125a]
V  [jvm.dll+0x6ecf0b]
C  [ucrtbase.dll+0x29333]
C  [KERNEL32.DLL+0x1257d]
C  [ntdll.dll+0x5aa48]

VM_Operation (0x000000bf4e7fc440): G1CollectForAllocation, mode: safepoint, requested by thread 0x000001e61f835400


---------------  P R O C E S S  ---------------

Threads class SMR info:
_java_thread_list=0x000001e6206f8cc0, length=24, elements={
0x000001e6086c1bd0, 0x000001e61ab7b010, 0x000001e61ab7bc00, 0x000001e61ab7c8e0,
0x000001e61ab7e4e0, 0x000001e61ab7fe20, 0x000001e61ab80750, 0x000001e61ab81080,
0x000001e61ab8cda0, 0x000001e61ab4ef00, 0x000001e61f265270, 0x000001e61f2657b0,
0x000001e61f37eec0, 0x000001e61f3ee7d0, 0x000001e61f834230, 0x000001e61f835400,
0x000001e620117930, 0x000001e620127f30, 0x000001e620bea9f0, 0x000001e620be4860,
0x000001e620c63b20, 0x000001e620c625e0, 0x000001e620c62090, 0x000001e620c61b40
}

Java Threads: ( => current thread )
  0x000001e6086c1bd0 JavaThread "main" [_thread_blocked, id=24184, stack(0x000000bf4ca00000,0x000000bf4cb00000)]
  0x000001e61ab7b010 JavaThread "Reference Handler" daemon [_thread_blocked, id=9016, stack(0x000000bf4d100000,0x000000bf4d200000)]
  0x000001e61ab7bc00 JavaThread "Finalizer" daemon [_thread_blocked, id=18624, stack(0x000000bf4d200000,0x000000bf4d300000)]
  0x000001e61ab7c8e0 JavaThread "Signal Dispatcher" daemon [_thread_blocked, id=13024, stack(0x000000bf4d300000,0x000000bf4d400000)]
  0x000001e61ab7e4e0 JavaThread "Attach Listener" daemon [_thread_blocked, id=20208, stack(0x000000bf4d400000,0x000000bf4d500000)]
  0x000001e61ab7fe20 JavaThread "Service Thread" daemon [_thread_blocked, id=6088, stack(0x000000bf4d500000,0x000000bf4d600000)]
  0x000001e61ab80750 JavaThread "Monitor Deflation Thread" daemon [_thread_blocked, id=12432, stack(0x000000bf4d600000,0x000000bf4d700000)]
  0x000001e61ab81080 JavaThread "C1 CompilerThread0" daemon [_thread_blocked, id=5060, stack(0x000000bf4d700000,0x000000bf4d800000)]
  0x000001e61ab8cda0 JavaThread "Sweeper thread" daemon [_thread_blocked, id=19836, stack(0x000000bf4d800000,0x000000bf4d900000)]
  0x000001e61ab4ef00 JavaThread "Common-Cleaner" daemon [_thread_blocked, id=13000, stack(0x000000bf4d900000,0x000000bf4da00000)]
  0x000001e61f265270 JavaThread "Monitor Ctrl-Break" daemon [_thread_in_native, id=18580, stack(0x000000bf4da00000,0x000000bf4db00000)]
  0x000001e61f2657b0 JavaThread "Notification Thread" daemon [_thread_blocked, id=19244, stack(0x000000bf4db00000,0x000000bf4dc00000)]
  0x000001e61f37eec0 JavaThread "C1 CompilerThread1" daemon [_thread_blocked, id=22744, stack(0x000000bf4dc00000,0x000000bf4dd00000)]
  0x000001e61f3ee7d0 JavaThread "RMI TCP Accept-0" daemon [_thread_in_native, id=12480, stack(0x000000bf4dd00000,0x000000bf4de00000)]
  0x000001e61f834230 JavaThread "Thread-0" [_thread_blocked, id=23516, stack(0x000000bf4e600000,0x000000bf4e700000)]
  0x000001e61f835400 JavaThread "restartedMain" [_thread_blocked, id=10008, stack(0x000000bf4e700000,0x000000bf4e800000)]
  0x000001e620117930 JavaThread "C1 CompilerThread2" daemon [_thread_blocked, id=3708, stack(0x000000bf4e900000,0x000000bf4ea00000)]
  0x000001e620127f30 JavaThread "C1 CompilerThread3" daemon [_thread_blocked, id=5280, stack(0x000000bf4ea00000,0x000000bf4eb00000)]
  0x000001e620bea9f0 JavaThread "Catalina-utility-1" [_thread_blocked, id=22388, stack(0x000000bf4eb00000,0x000000bf4ec00000)]
  0x000001e620be4860 JavaThread "Catalina-utility-2" [_thread_blocked, id=10268, stack(0x000000bf4ec00000,0x000000bf4ed00000)]
  0x000001e620c63b20 JavaThread "container-0" [_thread_blocked, id=16604, stack(0x000000bf4ed00000,0x000000bf4ee00000)]
  0x000001e620c625e0 JavaThread "mssql-jdbc-shared-timer-core-0" daemon [_thread_blocked, id=3292, stack(0x000000bf4ef00000,0x000000bf4f000000)]
  0x000001e620c62090 JavaThread "HikariPool-1 housekeeper" daemon [_thread_blocked, id=19656, stack(0x000000bf4f000000,0x000000bf4f100000)]
  0x000001e620c61b40 JavaThread "HikariPool-1 connection adder" daemon [_thread_blocked, id=16460, stack(0x000000bf4f100000,0x000000bf4f200000)]

Other Threads:
=>0x000001e61ab5ea80 VMThread "VM Thread" [stack: 0x000000bf4d000000,0x000000bf4d100000] [id=20276]
  0x000001e61f3d78d0 WatcherThread "VM Periodic Task Thread" [stack: 0x000000bf4de00000,0x000000bf4df00000] [id=1552]
  0x000001e608720950 WorkerThread "GC Thread#0" [stack: 0x000000bf4cb00000,0x000000bf4cc00000] [id=18464]
  0x000001e61f59a680 WorkerThread "GC Thread#1" [stack: 0x000000bf4df00000,0x000000bf4e000000] [id=11092]
  0x000001e61f7d0ff0 WorkerThread "GC Thread#2" [stack: 0x000000bf4e000000,0x000000bf4e100000] [id=8392]
  0x000001e61f7c4790 WorkerThread "GC Thread#3" [stack: 0x000000bf4e100000,0x000000bf4e200000] [id=20724]
  0x000001e61f80e6f0 WorkerThread "GC Thread#4" [stack: 0x000000bf4e200000,0x000000bf4e300000] [id=18088]
  0x000001e61f8109d0 WorkerThread "GC Thread#5" [stack: 0x000000bf4e300000,0x000000bf4e400000] [id=1764]
  0x000001e61f811560 WorkerThread "GC Thread#6" [stack: 0x000000bf4e400000,0x000000bf4e500000] [id=1300]
  0x000001e61f811290 WorkerThread "GC Thread#7" [stack: 0x000000bf4e500000,0x000000bf4e600000] [id=23860]
  0x000001e608730fb0 ConcurrentGCThread "G1 Main Marker" [stack: 0x000000bf4cc00000,0x000000bf4cd00000] [id=24048]
  0x000001e6087318e0 WorkerThread "G1 Conc#0" [stack: 0x000000bf4cd00000,0x000000bf4ce00000] [id=24316]
  0x000001e61f8120a0 WorkerThread "G1 Conc#1" [stack: 0x000000bf4e800000,0x000000bf4e900000] [id=22008]
  0x000001e60876ebc0 ConcurrentGCThread "G1 Refine#0" [stack: 0x000000bf4ce00000,0x000000bf4cf00000] [id=20528]
  0x000001e61aa1c7c0 ConcurrentGCThread "G1 Service" [stack: 0x000000bf4cf00000,0x000000bf4d000000] [id=18460]

Threads with active compile tasks:
C1 CompilerThread3    11358 8476   !   1       org.springframework.beans.TypeConverterDelegate::convertIfNecessary (956 bytes)

VM state: at safepoint (normal execution)

VM Mutex/Monitor currently owned by a thread:  ([mutex/lock_event])
[0x000001e6086bc590] Threads_lock - owner thread: 0x000001e61ab5ea80
[0x000001e6086bd0d0] Heap_lock - owner thread: 0x000001e61f835400

Heap address: 0x0000000084000000, size: 1984 MB, Compressed Oops mode: 32-bit

CDS archive(s) mapped at: [0x0000000800000000-0x0000000800c40000-0x0000000800c40000), size 12845056, SharedBaseAddress: 0x0000000800000000, ArchiveRelocationMode: 0.
Compressed class space mapped at: 0x0000000801000000-0x0000000841000000, reserved size: 1073741824
Narrow klass base: 0x0000000800000000, Narrow klass shift: 0, Narrow klass range: 0x100000000

GC Precious Log:
 CardTable entry size: 512
 Card Set container configuration: InlinePtr #cards 5 size 8 Array Of Cards #cards 12 size 40 Howl #buckets 4 coarsen threshold 1843 Howl Bitmap #cards 512 size 80 coarsen threshold 460 Card regions per heap region 1 cards per card region 2048
 CPUs: 8 total, 8 available
 Memory: 7930M
 Large Page Support: Disabled
 NUMA Support: Disabled
 Compressed Oops: Enabled (32-bit)
 Heap Region Size: 1M
 Heap Min Capacity: 8M
 Heap Initial Capacity: 124M
 Heap Max Capacity: 1984M
 Pre-touch: Disabled
 Parallel Workers: 8
 Concurrent Workers: 2
 Concurrent Refinement Workers: 8
 Periodic GC: Disabled

Heap:
 garbage-first heap   total 126976K, used 42384K [0x0000000084000000, 0x0000000100000000)
  region size 1024K, 3 young (3072K), 3 survivors (3072K)
 Metaspace       used 63244K, committed 64000K, reserved 1114112K
  class space    used 8462K, committed 8832K, reserved 1048576K

Heap Regions: E=young(eden), S=young(survivor), O=old, HS=humongous(starts), HC=humongous(continues), CS=collection set, F=free, OA=open archive, CA=closed archive, TAMS=top-at-mark-start (previous, next)
|   0|0x0000000084000000, 0x0000000084100000, 0x0000000084100000|100%|HS|  |TAMS 0x0000000084100000, 0x0000000084000000| Complete 
|   1|0x0000000084100000, 0x0000000084200000, 0x0000000084200000|100%| O|  |TAMS 0x0000000084200000, 0x0000000084100000| Untracked 
|   2|0x0000000084200000, 0x0000000084300000, 0x0000000084300000|100%| O|  |TAMS 0x0000000084300000, 0x0000000084200000| Untracked 
|   3|0x0000000084300000, 0x0000000084400000, 0x0000000084400000|100%| O|  |TAMS 0x0000000084400000, 0x0000000084300000| Untracked 
|   4|0x0000000084400000, 0x0000000084500000, 0x0000000084500000|100%| O|  |TAMS 0x0000000084500000, 0x0000000084400000| Untracked 
|   5|0x0000000084500000, 0x0000000084600000, 0x0000000084600000|100%| O|  |TAMS 0x0000000084600000, 0x0000000084500000| Untracked 
|   6|0x0000000084600000, 0x0000000084700000, 0x0000000084700000|100%| O|  |TAMS 0x0000000084700000, 0x0000000084600000| Untracked 
|   7|0x0000000084700000, 0x0000000084800000, 0x0000000084800000|100%| O|  |TAMS 0x0000000084700000, 0x0000000084700000| Untracked 
|   8|0x0000000084800000, 0x0000000084900000, 0x0000000084900000|100%| O|  |TAMS 0x0000000084900000, 0x0000000084800000| Untracked 
|   9|0x0000000084900000, 0x0000000084a00000, 0x0000000084a00000|100%| O|  |TAMS 0x0000000084a00000, 0x0000000084900000| Untracked 
|  10|0x0000000084a00000, 0x0000000084b00000, 0x0000000084b00000|100%| O|  |TAMS 0x0000000084b00000, 0x0000000084a00000| Untracked 
|  11|0x0000000084b00000, 0x0000000084c00000, 0x0000000084c00000|100%| O|  |TAMS 0x0000000084c00000, 0x0000000084b00000| Untracked 
|  12|0x0000000084c00000, 0x0000000084d00000, 0x0000000084d00000|100%| O|  |TAMS 0x0000000084d00000, 0x0000000084c00000| Untracked 
|  13|0x0000000084d00000, 0x0000000084e00000, 0x0000000084e00000|100%| O|  |TAMS 0x0000000084e00000, 0x0000000084d00000| Untracked 
|  14|0x0000000084e00000, 0x0000000084f00000, 0x0000000084f00000|100%| O|  |TAMS 0x0000000084f00000, 0x0000000084e00000| Untracked 
|  15|0x0000000084f00000, 0x0000000085000000, 0x0000000085000000|100%| O|  |TAMS 0x0000000085000000, 0x0000000084f00000| Untracked 
|  16|0x0000000085000000, 0x0000000085100000, 0x0000000085100000|100%| O|  |TAMS 0x0000000085100000, 0x0000000085000000| Untracked 
|  17|0x0000000085100000, 0x0000000085200000, 0x0000000085200000|100%| O|  |TAMS 0x0000000085100000, 0x0000000085100000| Untracked 
|  18|0x0000000085200000, 0x0000000085300000, 0x0000000085300000|100%| O|  |TAMS 0x0000000085300000, 0x0000000085200000| Untracked 
|  19|0x0000000085300000, 0x0000000085400000, 0x0000000085400000|100%| O|  |TAMS 0x0000000085400000, 0x0000000085300000| Untracked 
|  20|0x0000000085400000, 0x0000000085500000, 0x0000000085500000|100%| O|  |TAMS 0x0000000085500000, 0x0000000085400000| Untracked 
|  21|0x0000000085500000, 0x0000000085600000, 0x0000000085600000|100%| O|  |TAMS 0x0000000085600000, 0x0000000085500000| Untracked 
|  22|0x0000000085600000, 0x0000000085700000, 0x0000000085700000|100%| O|  |TAMS 0x0000000085700000, 0x0000000085600000| Untracked 
|  23|0x0000000085700000, 0x0000000085800000, 0x0000000085800000|100%| O|  |TAMS 0x0000000085800000, 0x0000000085700000| Untracked 
|  24|0x0000000085800000, 0x0000000085900000, 0x0000000085900000|100%| O|  |TAMS 0x0000000085900000, 0x0000000085800000| Untracked 
|  25|0x0000000085900000, 0x0000000085a00000, 0x0000000085a00000|100%| O|  |TAMS 0x000000008595f200, 0x0000000085900000| Untracked 
|  26|0x0000000085a00000, 0x0000000085b00000, 0x0000000085b00000|100%| O|  |TAMS 0x0000000085a00000, 0x0000000085a00000| Untracked 
|  27|0x0000000085b00000, 0x0000000085c00000, 0x0000000085c00000|100%| O|  |TAMS 0x0000000085b00000, 0x0000000085b00000| Untracked 
|  28|0x0000000085c00000, 0x0000000085d00000, 0x0000000085d00000|100%| O|  |TAMS 0x0000000085c00000, 0x0000000085c00000| Untracked 
|  29|0x0000000085d00000, 0x0000000085e00000, 0x0000000085e00000|100%| O|  |TAMS 0x0000000085d00000, 0x0000000085d00000| Untracked 
|  30|0x0000000085e00000, 0x0000000085f00000, 0x0000000085f00000|100%| O|  |TAMS 0x0000000085e00000, 0x0000000085e00000| Untracked 
|  31|0x0000000085f00000, 0x0000000086000000, 0x0000000086000000|100%| O|  |TAMS 0x0000000085f00000, 0x0000000085f00000| Untracked 
|  32|0x0000000086000000, 0x0000000086100000, 0x0000000086100000|100%| O|  |TAMS 0x0000000086000000, 0x0000000086000000| Untracked 
|  33|0x0000000086100000, 0x0000000086200000, 0x0000000086200000|100%| O|  |TAMS 0x0000000086100000, 0x0000000086100000| Untracked 
|  34|0x0000000086200000, 0x0000000086300000, 0x0000000086300000|100%| O|  |TAMS 0x0000000086200000, 0x0000000086200000| Untracked 
|  35|0x0000000086300000, 0x0000000086400000, 0x0000000086400000|100%| O|  |TAMS 0x0000000086300000, 0x0000000086300000| Untracked 
|  36|0x0000000086400000, 0x0000000086500000, 0x0000000086500000|100%| O|  |TAMS 0x0000000086400000, 0x0000000086400000| Untracked 
|  37|0x0000000086500000, 0x0000000086600000, 0x0000000086600000|100%| O|  |TAMS 0x0000000086500000, 0x0000000086500000| Untracked 
|  38|0x0000000086600000, 0x0000000086679200, 0x0000000086700000| 47%| O|  |TAMS 0x0000000086600000, 0x0000000086600000| Untracked 
|  39|0x0000000086700000, 0x0000000086700000, 0x0000000086800000|  0%| F|  |TAMS 0x0000000086700000, 0x0000000086700000| Untracked 
|  40|0x0000000086800000, 0x0000000086800000, 0x0000000086900000|  0%| F|  |TAMS 0x0000000086800000, 0x0000000086800000| Untracked 
|  41|0x0000000086900000, 0x0000000086900000, 0x0000000086a00000|  0%| F|  |TAMS 0x0000000086900000, 0x0000000086900000| Untracked 
|  42|0x0000000086a00000, 0x0000000086a00000, 0x0000000086b00000|  0%| F|  |TAMS 0x0000000086a00000, 0x0000000086a00000| Untracked 
|  43|0x0000000086b00000, 0x0000000086b00000, 0x0000000086c00000|  0%| F|  |TAMS 0x0000000086b00000, 0x0000000086b00000| Untracked 
|  44|0x0000000086c00000, 0x0000000086c00000, 0x0000000086d00000|  0%| F|  |TAMS 0x0000000086c00000, 0x0000000086c00000| Untracked 
|  45|0x0000000086d00000, 0x0000000086d00000, 0x0000000086e00000|  0%| F|  |TAMS 0x0000000086d00000, 0x0000000086d00000| Untracked 
|  46|0x0000000086e00000, 0x0000000086e00000, 0x0000000086f00000|  0%| F|  |TAMS 0x0000000086e00000, 0x0000000086e00000| Untracked 
|  47|0x0000000086f00000, 0x0000000086f00000, 0x0000000087000000|  0%| F|  |TAMS 0x0000000086f00000, 0x0000000086f00000| Untracked 
|  48|0x0000000087000000, 0x0000000087000000, 0x0000000087100000|  0%| F|  |TAMS 0x0000000087000000, 0x0000000087000000| Untracked 
|  49|0x0000000087100000, 0x0000000087100000, 0x0000000087200000|  0%| F|  |TAMS 0x0000000087100000, 0x0000000087100000| Untracked 
|  50|0x0000000087200000, 0x0000000087200000, 0x0000000087300000|  0%| F|  |TAMS 0x0000000087200000, 0x0000000087200000| Untracked 
|  51|0x0000000087300000, 0x0000000087300000, 0x0000000087400000|  0%| F|  |TAMS 0x0000000087300000, 0x0000000087300000| Untracked 
|  52|0x0000000087400000, 0x0000000087400000, 0x0000000087500000|  0%| F|  |TAMS 0x0000000087400000, 0x0000000087400000| Untracked 
|  53|0x0000000087500000, 0x0000000087500000, 0x0000000087600000|  0%| F|  |TAMS 0x0000000087500000, 0x0000000087500000| Untracked 
|  54|0x0000000087600000, 0x0000000087600000, 0x0000000087700000|  0%| F|  |TAMS 0x0000000087600000, 0x0000000087600000| Untracked 
|  55|0x0000000087700000, 0x0000000087700000, 0x0000000087800000|  0%| F|  |TAMS 0x0000000087700000, 0x0000000087700000| Untracked 
|  56|0x0000000087800000, 0x00000000878eb0b8, 0x0000000087900000| 91%| S|CS|TAMS 0x0000000087800000, 0x0000000087800000| Complete 
|  57|0x0000000087900000, 0x0000000087a00000, 0x0000000087a00000|100%| S|CS|TAMS 0x0000000087900000, 0x0000000087900000| Complete 
|  58|0x0000000087a00000, 0x0000000087b00000, 0x0000000087b00000|100%| S|CS|TAMS 0x0000000087a00000, 0x0000000087a00000| Complete 
|  59|0x0000000087b00000, 0x0000000087b00000, 0x0000000087c00000|  0%| F|  |TAMS 0x0000000087b00000, 0x0000000087b00000| Untracked 
|  60|0x0000000087c00000, 0x0000000087c00000, 0x0000000087d00000|  0%| F|  |TAMS 0x0000000087c00000, 0x0000000087c00000| Untracked 
|  61|0x0000000087d00000, 0x0000000087d00000, 0x0000000087e00000|  0%| F|  |TAMS 0x0000000087d00000, 0x0000000087d00000| Untracked 
|  62|0x0000000087e00000, 0x0000000087e00000, 0x0000000087f00000|  0%| F|  |TAMS 0x0000000087e00000, 0x0000000087e00000| Untracked 
|  63|0x0000000087f00000, 0x0000000087f00000, 0x0000000088000000|  0%| F|  |TAMS 0x0000000087f00000, 0x0000000087f00000| Untracked 
|  64|0x0000000088000000, 0x0000000088000000, 0x0000000088100000|  0%| F|  |TAMS 0x0000000088000000, 0x0000000088000000| Untracked 
|  65|0x0000000088100000, 0x0000000088100000, 0x0000000088200000|  0%| F|  |TAMS 0x0000000088100000, 0x0000000088100000| Untracked 
|  66|0x0000000088200000, 0x0000000088200000, 0x0000000088300000|  0%| F|  |TAMS 0x0000000088200000, 0x0000000088200000| Untracked 
|  67|0x0000000088300000, 0x0000000088300000, 0x0000000088400000|  0%| F|  |TAMS 0x0000000088300000, 0x0000000088300000| Untracked 
|  68|0x0000000088400000, 0x0000000088400000, 0x0000000088500000|  0%| F|  |TAMS 0x0000000088400000, 0x0000000088400000| Untracked 
|  69|0x0000000088500000, 0x0000000088500000, 0x0000000088600000|  0%| F|  |TAMS 0x0000000088500000, 0x0000000088500000| Untracked 
|  70|0x0000000088600000, 0x0000000088600000, 0x0000000088700000|  0%| F|  |TAMS 0x0000000088600000, 0x0000000088600000| Untracked 
|  71|0x0000000088700000, 0x0000000088700000, 0x0000000088800000|  0%| F|  |TAMS 0x0000000088700000, 0x0000000088700000| Untracked 
|  72|0x0000000088800000, 0x0000000088800000, 0x0000000088900000|  0%| F|  |TAMS 0x0000000088800000, 0x0000000088800000| Untracked 
|  73|0x0000000088900000, 0x0000000088900000, 0x0000000088a00000|  0%| F|  |TAMS 0x0000000088900000, 0x0000000088900000| Untracked 
|  74|0x0000000088a00000, 0x0000000088a00000, 0x0000000088b00000|  0%| F|  |TAMS 0x0000000088a00000, 0x0000000088a00000| Untracked 
|  75|0x0000000088b00000, 0x0000000088b00000, 0x0000000088c00000|  0%| F|  |TAMS 0x0000000088b00000, 0x0000000088b00000| Untracked 
|  76|0x0000000088c00000, 0x0000000088c00000, 0x0000000088d00000|  0%| F|  |TAMS 0x0000000088c00000, 0x0000000088c00000| Untracked 
|  77|0x0000000088d00000, 0x0000000088d00000, 0x0000000088e00000|  0%| F|  |TAMS 0x0000000088d00000, 0x0000000088d00000| Untracked 
|  78|0x0000000088e00000, 0x0000000088e00000, 0x0000000088f00000|  0%| F|  |TAMS 0x0000000088e00000, 0x0000000088e00000| Untracked 
|  79|0x0000000088f00000, 0x0000000088f00000, 0x0000000089000000|  0%| F|  |TAMS 0x0000000088f00000, 0x0000000088f00000| Untracked 
|  80|0x0000000089000000, 0x0000000089000000, 0x0000000089100000|  0%| F|  |TAMS 0x0000000089000000, 0x0000000089000000| Untracked 
|  81|0x0000000089100000, 0x0000000089100000, 0x0000000089200000|  0%| F|  |TAMS 0x0000000089100000, 0x0000000089100000| Untracked 
|  82|0x0000000089200000, 0x0000000089200000, 0x0000000089300000|  0%| F|  |TAMS 0x0000000089200000, 0x0000000089200000| Untracked 
|  83|0x0000000089300000, 0x0000000089300000, 0x0000000089400000|  0%| F|  |TAMS 0x0000000089300000, 0x0000000089300000| Untracked 
|  84|0x0000000089400000, 0x0000000089400000, 0x0000000089500000|  0%| F|  |TAMS 0x0000000089400000, 0x0000000089400000| Untracked 
|  85|0x0000000089500000, 0x0000000089500000, 0x0000000089600000|  0%| F|  |TAMS 0x0000000089500000, 0x0000000089500000| Untracked 
|  86|0x0000000089600000, 0x0000000089600000, 0x0000000089700000|  0%| F|  |TAMS 0x0000000089600000, 0x0000000089600000| Untracked 
|  87|0x0000000089700000, 0x0000000089700000, 0x0000000089800000|  0%| F|  |TAMS 0x0000000089700000, 0x0000000089700000| Untracked 
|  88|0x0000000089800000, 0x0000000089800000, 0x0000000089900000|  0%| F|  |TAMS 0x0000000089800000, 0x0000000089800000| Untracked 
|  89|0x0000000089900000, 0x0000000089900000, 0x0000000089a00000|  0%| F|  |TAMS 0x0000000089900000, 0x0000000089900000| Untracked 
|  90|0x0000000089a00000, 0x0000000089a00000, 0x0000000089b00000|  0%| F|  |TAMS 0x0000000089a00000, 0x0000000089a00000| Untracked 
|  91|0x0000000089b00000, 0x0000000089b00000, 0x0000000089c00000|  0%| F|  |TAMS 0x0000000089b00000, 0x0000000089b00000| Untracked 
|  92|0x0000000089c00000, 0x0000000089c00000, 0x0000000089d00000|  0%| F|  |TAMS 0x0000000089c00000, 0x0000000089c00000| Untracked 
|  93|0x0000000089d00000, 0x0000000089d00000, 0x0000000089e00000|  0%| F|  |TAMS 0x0000000089d00000, 0x0000000089d00000| Untracked 
|  94|0x0000000089e00000, 0x0000000089e00000, 0x0000000089f00000|  0%| F|  |TAMS 0x0000000089e00000, 0x0000000089e00000| Untracked 
|  95|0x0000000089f00000, 0x0000000089f00000, 0x000000008a000000|  0%| F|  |TAMS 0x0000000089f00000, 0x0000000089f00000| Untracked 
|  96|0x000000008a000000, 0x000000008a000000, 0x000000008a100000|  0%| F|  |TAMS 0x000000008a000000, 0x000000008a000000| Untracked 
|  97|0x000000008a100000, 0x000000008a100000, 0x000000008a200000|  0%| F|  |TAMS 0x000000008a100000, 0x000000008a100000| Untracked 
|  98|0x000000008a200000, 0x000000008a200000, 0x000000008a300000|  0%| F|  |TAMS 0x000000008a200000, 0x000000008a200000| Untracked 
|  99|0x000000008a300000, 0x000000008a300000, 0x000000008a400000|  0%| F|  |TAMS 0x000000008a300000, 0x000000008a300000| Untracked 
| 100|0x000000008a400000, 0x000000008a400000, 0x000000008a500000|  0%| F|  |TAMS 0x000000008a400000, 0x000000008a400000| Untracked 
| 101|0x000000008a500000, 0x000000008a500000, 0x000000008a600000|  0%| F|  |TAMS 0x000000008a500000, 0x000000008a500000| Untracked 
| 102|0x000000008a600000, 0x000000008a600000, 0x000000008a700000|  0%| F|  |TAMS 0x000000008a600000, 0x000000008a600000| Untracked 
| 103|0x000000008a700000, 0x000000008a700000, 0x000000008a800000|  0%| F|  |TAMS 0x000000008a700000, 0x000000008a700000| Untracked 
| 104|0x000000008a800000, 0x000000008a800000, 0x000000008a900000|  0%| F|  |TAMS 0x000000008a800000, 0x000000008a800000| Untracked 
| 105|0x000000008a900000, 0x000000008a900000, 0x000000008aa00000|  0%| F|  |TAMS 0x000000008a900000, 0x000000008a900000| Untracked 
| 106|0x000000008aa00000, 0x000000008aa00000, 0x000000008ab00000|  0%| F|  |TAMS 0x000000008aa00000, 0x000000008aa00000| Untracked 
| 107|0x000000008ab00000, 0x000000008ab00000, 0x000000008ac00000|  0%| F|  |TAMS 0x000000008ab00000, 0x000000008ab00000| Untracked 
| 108|0x000000008ac00000, 0x000000008ac00000, 0x000000008ad00000|  0%| F|  |TAMS 0x000000008ac00000, 0x000000008ac00000| Untracked 
| 109|0x000000008ad00000, 0x000000008ad00000, 0x000000008ae00000|  0%| F|  |TAMS 0x000000008ad00000, 0x000000008ad00000| Untracked 
| 110|0x000000008ae00000, 0x000000008ae00000, 0x000000008af00000|  0%| F|  |TAMS 0x000000008ae00000, 0x000000008ae00000| Untracked 
| 111|0x000000008af00000, 0x000000008af00000, 0x000000008b000000|  0%| F|  |TAMS 0x000000008af00000, 0x000000008af00000| Untracked 
| 112|0x000000008b000000, 0x000000008b000000, 0x000000008b100000|  0%| F|  |TAMS 0x000000008b000000, 0x000000008b000000| Untracked 
| 113|0x000000008b100000, 0x000000008b100000, 0x000000008b200000|  0%| F|  |TAMS 0x000000008b100000, 0x000000008b100000| Untracked 
| 114|0x000000008b200000, 0x000000008b200000, 0x000000008b300000|  0%| F|  |TAMS 0x000000008b200000, 0x000000008b200000| Untracked 
| 115|0x000000008b300000, 0x000000008b300000, 0x000000008b400000|  0%| F|  |TAMS 0x000000008b300000, 0x000000008b300000| Untracked 
| 116|0x000000008b400000, 0x000000008b400000, 0x000000008b500000|  0%| F|  |TAMS 0x000000008b400000, 0x000000008b400000| Untracked 
| 117|0x000000008b500000, 0x000000008b500000, 0x000000008b600000|  0%| F|  |TAMS 0x000000008b500000, 0x000000008b500000| Untracked 
| 118|0x000000008b600000, 0x000000008b600000, 0x000000008b700000|  0%| F|  |TAMS 0x000000008b600000, 0x000000008b600000| Untracked 
| 119|0x000000008b700000, 0x000000008b700000, 0x000000008b800000|  0%| F|  |TAMS 0x000000008b700000, 0x000000008b700000| Untracked 
| 120|0x000000008b800000, 0x000000008b800000, 0x000000008b900000|  0%| F|  |TAMS 0x000000008b800000, 0x000000008b800000| Untracked 
| 121|0x000000008b900000, 0x000000008b900000, 0x000000008ba00000|  0%| F|  |TAMS 0x000000008b900000, 0x000000008b900000| Untracked 
| 122|0x000000008ba00000, 0x000000008ba00000, 0x000000008bb00000|  0%| F|  |TAMS 0x000000008ba00000, 0x000000008ba00000| Untracked 
| 123|0x000000008bb00000, 0x000000008bb00000, 0x000000008bc00000|  0%| F|  |TAMS 0x000000008bb00000, 0x000000008bb00000| Untracked 

Card table byte_map: [0x000001e613b00000,0x000001e613ee0000] _byte_map_base: 0x000001e6136e0000

Marking Bits (Prev, Next): (CMBitMap*) 0x000001e608720ec0, (CMBitMap*) 0x000001e608720e80
 Prev Bits: [0x000001e6161c0000, 0x000001e6180c0000)
 Next Bits: [0x000001e6142c0000, 0x000001e6161c0000)

Polling page: 0x000001e606670000

Metaspace:

Usage:
  Non-class:     53.50 MB used.
      Class:      8.26 MB used.
       Both:     61.76 MB used.

Virtual space:
  Non-class space:       64.00 MB reserved,      53.88 MB ( 84%) committed,  1 nodes.
      Class space:        1.00 GB reserved,       8.62 MB ( <1%) committed,  1 nodes.
             Both:        1.06 GB reserved,      62.50 MB (  6%) committed. 

Chunk freelists:
   Non-Class:  1.82 MB
       Class:  3.23 MB
        Both:  5.04 MB

MaxMetaspaceSize: unlimited
CompressedClassSpaceSize: 1.00 GB
Initial GC threshold: 21.00 MB
Current GC threshold: 98.56 MB
CDS: on
MetaspaceReclaimPolicy: balanced
 - commit_granule_bytes: 65536.
 - commit_granule_words: 8192.
 - virtual_space_node_default_size: 8388608.
 - enlarge_chunks_in_place: 1.
 - new_chunks_are_fully_committed: 0.
 - uncommit_free_chunks: 1.
 - use_allocation_guard: 0.


Internal statistics:

num_allocs_failed_limit: 9.
num_arena_births: 958.
num_arena_deaths: 0.
num_vsnodes_births: 2.
num_vsnodes_deaths: 0.
num_space_committed: 1000.
num_space_uncommitted: 0.
num_chunks_returned_to_freelist: 9.
num_chunks_taken_from_freelist: 3003.
num_chunk_merges: 9.
num_chunk_splits: 2217.
num_chunks_enlarged: 1791.
num_inconsistent_stats: 0.

CodeCache: size=49152Kb used=16415Kb max_used=16415Kb free=32736Kb
 bounds [0x000001e610610000, 0x000001e611620000, 0x000001e613610000]
 total_blobs=9207 nmethods=8480 adapters=648
 compilation: enabled
              stopped_count=0, restarted_count=0
 full_count=0

Compilation events (20 events):
Event: 11.295 Thread 0x000001e61ab81080 nmethod 8471 0x000001e611614610 code [0x000001e6116147c0, 0x000001e611614aa8]
Event: 11.296 Thread 0x000001e620127f30 8472       1       jdk.internal.misc.Unsafe::getAndAddLong (27 bytes)
Event: 11.296 Thread 0x000001e620117930 8473       1       jdk.internal.misc.Unsafe::weakCompareAndSetLong (11 bytes)
Event: 11.296 Thread 0x000001e620117930 nmethod 8473 0x000001e611614c10 code [0x000001e611614da0, 0x000001e611614e78]
Event: 11.296 Thread 0x000001e620127f30 nmethod 8472 0x000001e611614f10 code [0x000001e6116150a0, 0x000001e6116151b8]
Event: 11.303 Thread 0x000001e620117930 8474       1       org.springframework.beans.PropertyEditorRegistrySupport::findCustomEditor (117 bytes)
Event: 11.303 Thread 0x000001e61f37eec0 8475       1       org.springframework.beans.PropertyEditorRegistrySupport::getCustomEditor (165 bytes)
Event: 11.304 Thread 0x000001e620117930 nmethod 8474 0x000001e611615290 code [0x000001e6116154a0, 0x000001e611615938]
Event: 11.304 Thread 0x000001e61f37eec0 nmethod 8475 0x000001e611615b90 code [0x000001e611615de0, 0x000001e6116163d8]
Event: 11.305 Thread 0x000001e620127f30 8476   !   1       org.springframework.beans.TypeConverterDelegate::convertIfNecessary (956 bytes)
Event: 11.305 Thread 0x000001e620117930 8477       1       org.springframework.core.convert.support.GenericConversionService$NoOpConverter::convert (2 bytes)
Event: 11.305 Thread 0x000001e620117930 nmethod 8477 0x000001e611616690 code [0x000001e611616820, 0x000001e6116168d8]
Event: 11.307 Thread 0x000001e61ab81080 8478       1       org.springframework.data.util.TypeDiscoverer::getActualType (38 bytes)
Event: 11.308 Thread 0x000001e620117930 8479       1       org.springframework.data.util.ClassTypeInformation::getActualType (5 bytes)
Event: 11.308 Thread 0x000001e620117930 nmethod 8479 0x000001e611616990 code [0x000001e611616b20, 0x000001e611616c08]
Event: 11.308 Thread 0x000001e620117930 8480       1       org.springframework.data.util.TypeDiscoverer::isNullableWrapper (8 bytes)
Event: 11.308 Thread 0x000001e61ab81080 nmethod 8478 0x000001e611616c90 code [0x000001e611616ec0, 0x000001e611617238]
Event: 11.309 Thread 0x000001e620117930 nmethod 8480 0x000001e611617410 code [0x000001e6116175e0, 0x000001e6116177e8]
Event: 11.310 Thread 0x000001e61f37eec0 8481       1       java.util.Spliterators$IteratorSpliterator::estimateSize (41 bytes)
Event: 11.311 Thread 0x000001e61f37eec0 nmethod 8481 0x000001e611617910 code [0x000001e611617ac0, 0x000001e611617c78]

GC Heap History (20 events):
Event: 7.722 GC heap after
{Heap after GC invocations=12 (full 0):
 garbage-first heap   total 58368K, used 25432K [0x0000000084000000, 0x0000000100000000)
  region size 1024K, 3 young (3072K), 3 survivors (3072K)
 Metaspace       used 42790K, committed 43392K, reserved 1114112K
  class space    used 5562K, committed 5824K, reserved 1048576K
}
Event: 7.741 GC heap before
{Heap before GC invocations=12 (full 0):
 garbage-first heap   total 58368K, used 26456K [0x0000000084000000, 0x0000000100000000)
  region size 1024K, 4 young (4096K), 3 survivors (3072K)
 Metaspace       used 43057K, committed 43712K, reserved 1114112K
  class space    used 5599K, committed 5888K, reserved 1048576K
}
Event: 7.745 GC heap after
{Heap after GC invocations=13 (full 0):
 garbage-first heap   total 58368K, used 25337K [0x0000000084000000, 0x0000000100000000)
  region size 1024K, 1 young (1024K), 1 survivors (1024K)
 Metaspace       used 43057K, committed 43712K, reserved 1114112K
  class space    used 5599K, committed 5888K, reserved 1048576K
}
Event: 8.161 GC heap before
{Heap before GC invocations=13 (full 0):
 garbage-first heap   total 58368K, used 43769K [0x0000000084000000, 0x0000000100000000)
  region size 1024K, 20 young (20480K), 1 survivors (1024K)
 Metaspace       used 45560K, committed 46208K, reserved 1114112K
  class space    used 5917K, committed 6208K, reserved 1048576K
}
Event: 8.165 GC heap after
{Heap after GC invocations=14 (full 0):
 garbage-first heap   total 105472K, used 26951K [0x0000000084000000, 0x0000000100000000)
  region size 1024K, 2 young (2048K), 2 survivors (2048K)
 Metaspace       used 45560K, committed 46208K, reserved 1114112K
  class space    used 5917K, committed 6208K, reserved 1048576K
}
Event: 9.137 GC heap before
{Heap before GC invocations=14 (full 0):
 garbage-first heap   total 105472K, used 80199K [0x0000000084000000, 0x0000000100000000)
  region size 1024K, 55 young (56320K), 2 survivors (2048K)
 Metaspace       used 52114K, committed 52736K, reserved 1114112K
  class space    used 6860K, committed 7104K, reserved 1048576K
}
Event: 9.141 GC heap after
{Heap after GC invocations=15 (full 0):
 garbage-first heap   total 105472K, used 28570K [0x0000000084000000, 0x0000000100000000)
  region size 1024K, 4 young (4096K), 4 survivors (4096K)
 Metaspace       used 52114K, committed 52736K, reserved 1114112K
  class space    used 6860K, committed 7104K, reserved 1048576K
}
Event: 9.957 GC heap before
{Heap before GC invocations=15 (full 0):
 garbage-first heap   total 105472K, used 82842K [0x0000000084000000, 0x0000000100000000)
  region size 1024K, 57 young (58368K), 4 survivors (4096K)
 Metaspace       used 58066K, committed 58880K, reserved 1114112K
  class space    used 7684K, committed 8064K, reserved 1048576K
}
Event: 9.963 GC heap after
{Heap after GC invocations=16 (full 0):
 garbage-first heap   total 105472K, used 31989K [0x0000000084000000, 0x0000000100000000)
  region size 1024K, 7 young (7168K), 7 survivors (7168K)
 Metaspace       used 58066K, committed 58880K, reserved 1114112K
  class space    used 7684K, committed 8064K, reserved 1048576K
}
Event: 10.231 GC heap before
{Heap before GC invocations=16 (full 0):
 garbage-first heap   total 105472K, used 44277K [0x0000000084000000, 0x0000000100000000)
  region size 1024K, 20 young (20480K), 7 survivors (7168K)
 Metaspace       used 59710K, committed 60416K, reserved 1114112K
  class space    used 7907K, committed 8256K, reserved 1048576K
}
Event: 10.240 GC heap after
{Heap after GC invocations=17 (full 0):
 garbage-first heap   total 105472K, used 32932K [0x0000000084000000, 0x0000000100000000)
  region size 1024K, 5 young (5120K), 5 survivors (5120K)
 Metaspace       used 59710K, committed 60416K, reserved 1114112K
  class space    used 7907K, committed 8256K, reserved 1048576K
}
Event: 10.667 GC heap before
{Heap before GC invocations=18 (full 0):
 garbage-first heap   total 105472K, used 82084K [0x0000000084000000, 0x0000000100000000)
  region size 1024K, 54 young (55296K), 5 survivors (5120K)
 Metaspace       used 62164K, committed 62912K, reserved 1114112K
  class space    used 8238K, committed 8576K, reserved 1048576K
}
Event: 10.673 GC heap after
{Heap after GC invocations=19 (full 0):
 garbage-first heap   total 105472K, used 35834K [0x0000000084000000, 0x0000000100000000)
  region size 1024K, 4 young (4096K), 4 survivors (4096K)
 Metaspace       used 62164K, committed 62912K, reserved 1114112K
  class space    used 8238K, committed 8576K, reserved 1048576K
}
Event: 10.676 GC heap before
{Heap before GC invocations=19 (full 0):
 garbage-first heap   total 105472K, used 36858K [0x0000000084000000, 0x0000000100000000)
  region size 1024K, 5 young (5120K), 4 survivors (4096K)
 Metaspace       used 62164K, committed 62912K, reserved 1114112K
  class space    used 8238K, committed 8576K, reserved 1048576K
}
Event: 10.680 GC heap after
{Heap after GC invocations=20 (full 0):
 garbage-first heap   total 105472K, used 36217K [0x0000000084000000, 0x0000000100000000)
  region size 1024K, 1 young (1024K), 1 survivors (1024K)
 Metaspace       used 62164K, committed 62912K, reserved 1114112K
  class space    used 8238K, committed 8576K, reserved 1048576K
}
Event: 10.828 GC heap before
{Heap before GC invocations=20 (full 0):
 garbage-first heap   total 105472K, used 83321K [0x0000000084000000, 0x0000000100000000)
  region size 1024K, 47 young (48128K), 1 survivors (1024K)
 Metaspace       used 62420K, committed 63168K, reserved 1114112K
  class space    used 8308K, committed 8640K, reserved 1048576K
}
Event: 10.833 GC heap after
{Heap after GC invocations=21 (full 0):
 garbage-first heap   total 105472K, used 40649K [0x0000000084000000, 0x0000000100000000)
  region size 1024K, 6 young (6144K), 6 survivors (6144K)
 Metaspace       used 62420K, committed 63168K, reserved 1114112K
  class space    used 8308K, committed 8640K, reserved 1048576K
}
Event: 11.057 GC heap before
{Heap before GC invocations=21 (full 0):
 garbage-first heap   total 105472K, used 82633K [0x0000000084000000, 0x0000000100000000)
  region size 1024K, 47 young (48128K), 6 survivors (6144K)
 Metaspace       used 63085K, committed 63808K, reserved 1114112K
  class space    used 8450K, committed 8768K, reserved 1048576K
}
Event: 11.063 GC heap after
{Heap after GC invocations=22 (full 0):
 garbage-first heap   total 105472K, used 41328K [0x0000000084000000, 0x0000000100000000)
  region size 1024K, 2 young (2048K), 2 survivors (2048K)
 Metaspace       used 63085K, committed 63808K, reserved 1114112K
  class space    used 8450K, committed 8768K, reserved 1048576K
}
Event: 11.313 GC heap before
{Heap before GC invocations=22 (full 0):
 garbage-first heap   total 105472K, used 84336K [0x0000000084000000, 0x0000000100000000)
  region size 1024K, 44 young (45056K), 2 survivors (2048K)
 Metaspace       used 63244K, committed 64000K, reserved 1114112K
  class space    used 8462K, committed 8832K, reserved 1048576K
}

Dll operation events (13 events):
Event: 0.014 Loaded shared library C:\Program Files\Java\jdk-19\bin\java.dll
Event: 0.030 Loaded shared library C:\Program Files\Java\jdk-19\bin\jsvml.dll
Event: 0.224 Loaded shared library C:\Program Files\Java\jdk-19\bin\zip.dll
Event: 0.230 Loaded shared library C:\Program Files\Java\jdk-19\bin\instrument.dll
Event: 0.243 Loaded shared library C:\Program Files\Java\jdk-19\bin\net.dll
Event: 0.245 Loaded shared library C:\Program Files\Java\jdk-19\bin\nio.dll
Event: 0.252 Loaded shared library C:\Program Files\Java\jdk-19\bin\zip.dll
Event: 0.479 Loaded shared library D:\Program Files\JetBrains\IntelliJ IDEA 2020.3.4\bin\breakgen64.dll
Event: 0.489 Loaded shared library C:\Program Files\Java\jdk-19\bin\jimage.dll
Event: 0.498 Loaded shared library C:\Program Files\Java\jdk-19\bin\extnet.dll
Event: 0.629 Loaded shared library C:\Program Files\Java\jdk-19\bin\management.dll
Event: 0.652 Loaded shared library C:\Program Files\Java\jdk-19\bin\management_ext.dll
Event: 3.708 Loaded shared library C:\Program Files\Java\jdk-19\bin\sunmscapi.dll

Deoptimization events (12 events):
Event: 0.824 Thread 0x000001e6086c1bd0 DEOPT PACKING pc=0x000001e61082c455 sp=0x000000bf4cafce80
Event: 0.824 Thread 0x000001e6086c1bd0 DEOPT UNPACKING pc=0x000001e61067b0e3 sp=0x000000bf4cafc330 mode 3
Event: 0.844 Thread 0x000001e6086c1bd0 DEOPT PACKING pc=0x000001e6108457d0 sp=0x000000bf4cafce50
Event: 0.844 Thread 0x000001e6086c1bd0 DEOPT UNPACKING pc=0x000001e61067b0e3 sp=0x000000bf4cafc308 mode 3
Event: 3.011 Thread 0x000001e61f835400 DEOPT PACKING pc=0x000001e610ae2439 sp=0x000000bf4e7fd3b0
Event: 3.011 Thread 0x000001e61f835400 DEOPT UNPACKING pc=0x000001e61067b0e3 sp=0x000000bf4e7fc890 mode 3
Event: 5.748 Thread 0x000001e61f835400 DEOPT PACKING pc=0x000001e610f45d5d sp=0x000000bf4e7fea40
Event: 5.748 Thread 0x000001e61f835400 DEOPT UNPACKING pc=0x000001e61067b0e3 sp=0x000000bf4e7fdfa8 mode 3
Event: 9.823 Thread 0x000001e61f835400 DEOPT PACKING pc=0x000001e6114254bc sp=0x000000bf4e7fd160
Event: 9.823 Thread 0x000001e61f835400 DEOPT UNPACKING pc=0x000001e61067b0e3 sp=0x000000bf4e7fc6b8 mode 0
Event: 9.948 Thread 0x000001e61f835400 DEOPT PACKING pc=0x000001e610b1193a sp=0x000000bf4e7fd410
Event: 9.948 Thread 0x000001e61f835400 DEOPT UNPACKING pc=0x000001e61067b0e3 sp=0x000000bf4e7fc918 mode 3

Classes loaded (20 events):
Event: 10.063 Loading class java/util/stream/ReduceOps$5
Event: 10.064 Loading class java/util/stream/ReduceOps$5 done
Event: 10.064 Loading class java/util/stream/ReduceOps$CountingSink$OfRef
Event: 10.064 Loading class java/util/stream/ReduceOps$CountingSink
Event: 10.064 Loading class java/util/stream/ReduceOps$CountingSink done
Event: 10.064 Loading class java/util/stream/ReduceOps$CountingSink$OfRef done
Event: 10.084 Loading class java/lang/invoke/WrongMethodTypeException
Event: 10.085 Loading class java/lang/invoke/WrongMethodTypeException done
Event: 10.092 Loading class java/lang/Character$UnicodeBlock
Event: 10.093 Loading class java/lang/Character$Subset
Event: 10.093 Loading class java/lang/Character$Subset done
Event: 10.093 Loading class java/lang/Character$UnicodeBlock done
Event: 10.099 Loading class java/util/regex/Pattern$Behind
Event: 10.099 Loading class java/util/regex/Pattern$Behind done
Event: 10.101 Loading class java/util/regex/Pattern$1
Event: 10.101 Loading class java/util/regex/Pattern$1 done
Event: 10.141 Loading class java/util/regex/Pattern$Bound
Event: 10.141 Loading class java/util/regex/Pattern$Bound done
Event: 10.642 Loading class java/lang/invoke/MethodHandleImpl$CountingWrapper$1
Event: 10.642 Loading class java/lang/invoke/MethodHandleImpl$CountingWrapper$1 done

Classes unloaded (0 events):
No events

Classes redefined (0 events):
No events

Internal exceptions (20 events):
Event: 9.396 Thread 0x000001e61f835400 Exception <a 'java/lang/NoSuchMethodError'{0x00000000892ee260}: 'java.lang.Object java.lang.invoke.DirectMethodHandle$Holder.newInvokeSpecial(java.lang.Object, java.lang.Object, int, java.lang.Object)'> (0x00000000892ee260) 
thrown [s\open\src\hotspot\share\interpreter\linkResolver.cpp, line 774]
Event: 9.396 Thread 0x000001e61f835400 Exception <a 'java/lang/NoSuchMethodError'{0x00000000892f1e48}: 'java.lang.Object java.lang.invoke.Invokers$Holder.linkToTargetMethod(java.lang.Object, int, java.lang.Object, java.lang.Object)'> (0x00000000892f1e48) 
thrown [s\open\src\hotspot\share\interpreter\linkResolver.cpp, line 774]
Event: 9.403 Thread 0x000001e61f835400 Exception <a 'java/lang/NoSuchMethodError'{0x000000008915c228}: 'void java.lang.invoke.DirectMethodHandle$Holder.invokeSpecial(java.lang.Object, java.lang.Object, java.lang.Object, java.lang.Object, java.lang.Object, java.lang.Object, java.lang.Object, java.lang.Object)'> (0x000000008915c228) 
thrown [s\open\src\hotspot\share\interpreter\linkResolver.cpp, line 774]
Event: 9.409 Thread 0x000001e61f835400 Exception <a 'java/lang/NoSuchMethodError'{0x00000000891a64b8}: 'java.lang.Object java.lang.invoke.DirectMethodHandle$Holder.newInvokeSpecial(java.lang.Object, java.lang.Object, int)'> (0x00000000891a64b8) 
thrown [s\open\src\hotspot\share\interpreter\linkResolver.cpp, line 774]
Event: 9.433 Thread 0x000001e61f835400 Exception <a 'java/lang/NoSuchMethodError'{0x0000000088f17758}: 'java.lang.Object java.lang.invoke.DirectMethodHandle$Holder.newInvokeSpecial(java.lang.Object, java.lang.Object, java.lang.Object, java.lang.Object, java.lang.Object, int, java.lang.Object)'> (0x0000000088f17758) 
thrown [s\open\src\hotspot\share\interpreter\linkResolver.cpp, line 774]
Event: 9.440 Thread 0x000001e61f835400 Exception <a 'java/lang/NoSuchMethodError'{0x0000000088f79170}: 'java.lang.Object java.lang.invoke.DirectMethodHandle$Holder.newInvokeSpecial(java.lang.Object, java.lang.Object, java.lang.Object, java.lang.Object, java.lang.Object, java.lang.Object, java.lang.Object, java.lang.Object, java.lang.Object, java.lang.Object, java.lang.Object, java.lang.Object)'> (0x0000000088f79170) 
thrown [s\open\src\hotspot\share\interpreter\linkResolver.cpp, line 774]
Event: 9.440 Thread 0x000001e61f835400 Exception <a 'java/lang/NoSuchMethodError'{0x0000000088f7dcb0}: 'java.lang.Object java.lang.invoke.DirectMethodHandle$Holder.invokeSpecial(java.lang.Object, java.lang.Object, java.lang.Object, java.lang.Object, java.lang.Object, java.lang.Object, java.lang.Object, java.lang.Object, java.lang.Object, java.lang.Object, java.lang.Object, java.lang.Object, java.lang.Object)'> (0x0000000088f7dcb0) 
thrown [s\open\src\hotspot\share\interpreter\linkResolver.cpp, line 774]
Event: 9.440 Thread 0x000001e61f835400 Exception <a 'java/lang/NoSuchMethodError'{0x0000000088f82438}: 'java.lang.Object java.lang.invoke.Invokers$Holder.linkToTargetMethod(java.lang.Object, java.lang.Object, java.lang.Object, java.lang.Object, java.lang.Object, java.lang.Object, java.lang.Object, java.lang.Object, java.lang.Object, java.lang.Object, java.lang.Object, java.lang.Object)'> (0x0000000088f82438) 
thrown [s\open\src\hotspot\share\interpreter\linkResolver.cpp, line 774]
Event: 9.515 Thread 0x000001e61f835400 Exception <a 'java/lang/NoSuchMethodError'{0x0000000088cee020}: 'java.lang.Object java.lang.invoke.DirectMethodHandle$Holder.newInvokeSpecial(java.lang.Object, java.lang.Object, java.lang.Object, java.lang.Object, java.lang.Object, java.lang.Object, java.lang.Object, int)'> (0x0000000088cee020) 
thrown [s\open\src\hotspot\share\interpreter\linkResolver.cpp, line 774]
Event: 9.515 Thread 0x000001e61f835400 Exception <a 'java/lang/NoSuchMethodError'{0x0000000088cf3030}: 'java.lang.Object java.lang.invoke.DirectMethodHandle$Holder.invokeSpecial(java.lang.Object, java.lang.Object, java.lang.Object, java.lang.Object, java.lang.Object, java.lang.Object, java.lang.Object, java.lang.Object, int)'> (0x0000000088cf3030) 
thrown [s\open\src\hotspot\share\interpreter\linkResolver.cpp, line 774]
Event: 9.515 Thread 0x000001e61f835400 Exception <a 'java/lang/NoSuchMethodError'{0x0000000088cf7b08}: 'java.lang.Object java.lang.invoke.Invokers$Holder.linkToTargetMethod(java.lang.Object, java.lang.Object, java.lang.Object, java.lang.Object, java.lang.Object, java.lang.Object, int, java.lang.Object)'> (0x0000000088cf7b08) 
thrown [s\open\src\hotspot\share\interpreter\linkResolver.cpp, line 774]
Event: 9.541 Thread 0x000001e61f835400 Exception <a 'java/lang/NoSuchMethodError'{0x0000000088a17c98}: 'java.lang.Object java.lang.invoke.DirectMethodHandle$Holder.newInvokeSpecial(java.lang.Object, java.lang.Object, int, java.lang.Object, int, java.lang.Object, java.lang.Object)'> (0x0000000088a17c98) 
thrown [s\open\src\hotspot\share\interpreter\linkResolver.cpp, line 774]
Event: 9.580 Thread 0x000001e61f835400 Exception <a 'java/lang/NoSuchMethodError'{0x000000008893b1b0}: 'void java.lang.invoke.DirectMethodHandle$Holder.invokeInterface(java.lang.Object, java.lang.Object)'> (0x000000008893b1b0) 
thrown [s\open\src\hotspot\share\interpreter\linkResolver.cpp, line 774]
Event: 9.654 Thread 0x000001e61f835400 Exception <a 'java/lang/NoSuchMethodError'{0x00000000886d6678}: 'void java.lang.invoke.Invokers$Holder.invokeExact_MT(java.lang.Object, java.lang.Object, java.lang.Object, java.lang.Object)'> (0x00000000886d6678) 
thrown [s\open\src\hotspot\share\interpreter\linkResolver.cpp, line 774]
Event: 9.712 Thread 0x000001e61f835400 Exception <a 'java/lang/IncompatibleClassChangeError'{0x00000000882f91c8}: Found class java.lang.Object, but interface was expected> (0x00000000882f91c8) 
thrown [s\open\src\hotspot\share\interpreter\linkResolver.cpp, line 841]
Event: 9.719 Thread 0x000001e61f835400 Exception <a 'java/lang/IncompatibleClassChangeError'{0x000000008817f4b8}: Found class java.lang.Object, but interface was expected> (0x000000008817f4b8) 
thrown [s\open\src\hotspot\share\interpreter\linkResolver.cpp, line 841]
Event: 9.750 Thread 0x000001e61f835400 Exception <a 'java/lang/IncompatibleClassChangeError'{0x0000000087f23188}: Found class java.lang.Object, but interface was expected> (0x0000000087f23188) 
thrown [s\open\src\hotspot\share\interpreter\linkResolver.cpp, line 841]
Event: 9.901 Thread 0x000001e61f835400 Exception <a 'java/lang/IncompatibleClassChangeError'{0x00000000877ae278}: Found class java.lang.Object, but interface was expected> (0x00000000877ae278) 
thrown [s\open\src\hotspot\share\interpreter\linkResolver.cpp, line 841]
Event: 10.103 Thread 0x000001e61f835400 Exception <a 'java/lang/IncompatibleClassChangeError'{0x0000000089fec5d0}: Found class java.lang.Object, but interface was expected> (0x0000000089fec5d0) 
thrown [s\open\src\hotspot\share\interpreter\linkResolver.cpp, line 841]
Event: 10.182 Thread 0x000001e61f835400 Exception <a 'java/lang/NoSuchMethodError'{0x0000000089cd65c8}: 'java.lang.Object java.lang.invoke.DirectMethodHandle$Holder.invokeStatic(java.lang.Object, int, java.lang.Object)'> (0x0000000089cd65c8) 
thrown [s\open\src\hotspot\share\interpreter\linkResolver.cpp, line 774]

VM Operations (20 events):
Event: 10.277 Executing VM operation: G1PauseRemark done
Event: 10.290 Executing VM operation: G1PauseCleanup
Event: 10.291 Executing VM operation: G1PauseCleanup done
Event: 10.349 Executing VM operation: HandshakeAllThreads
Event: 10.349 Executing VM operation: HandshakeAllThreads done
Event: 10.501 Executing VM operation: HandshakeAllThreads
Event: 10.501 Executing VM operation: HandshakeAllThreads done
Event: 10.517 Executing VM operation: HandshakeAllThreads
Event: 10.517 Executing VM operation: HandshakeAllThreads done
Event: 10.667 Executing VM operation: G1CollectForAllocation
Event: 10.673 Executing VM operation: G1CollectForAllocation done
Event: 10.676 Executing VM operation: G1CollectForAllocation
Event: 10.680 Executing VM operation: G1CollectForAllocation done
Event: 10.828 Executing VM operation: G1CollectForAllocation
Event: 10.833 Executing VM operation: G1CollectForAllocation done
Event: 10.871 Executing VM operation: HandshakeAllThreads
Event: 10.871 Executing VM operation: HandshakeAllThreads done
Event: 11.056 Executing VM operation: G1CollectForAllocation
Event: 11.063 Executing VM operation: G1CollectForAllocation done
Event: 11.312 Executing VM operation: G1CollectForAllocation

Events (20 events):
Event: 0.051 Thread 0x000001e61ab8cda0 Thread added: 0x000001e61ab8cda0
Event: 0.185 Thread 0x000001e61ab4ef00 Thread added: 0x000001e61ab4ef00
Event: 0.480 Thread 0x000001e61f265270 Thread added: 0x000001e61f265270
Event: 0.480 Thread 0x000001e61f2657b0 Thread added: 0x000001e61f2657b0
Event: 1.408 Thread 0x000001e61f37eec0 Thread added: 0x000001e61f37eec0
Event: 1.418 Thread 0x000001e61f3ee7d0 Thread added: 0x000001e61f3ee7d0
Event: 1.997 Thread 0x000001e61f834230 Thread added: 0x000001e61f834230
Event: 2.002 Thread 0x000001e61f835400 Thread added: 0x000001e61f835400
Event: 2.803 Thread 0x000001e61fef6f50 Thread added: 0x000001e61fef6f50
Event: 3.409 Thread 0x000001e620117930 Thread added: 0x000001e620117930
Event: 3.409 Thread 0x000001e620127f30 Thread added: 0x000001e620127f30
Event: 3.726 Thread 0x000001e61fef6f50 Thread exited: 0x000001e61fef6f50
Event: 3.846 Thread 0x000001e620316380 Thread added: 0x000001e620316380
Event: 3.986 Thread 0x000001e620316380 Thread exited: 0x000001e620316380
Event: 6.358 Thread 0x000001e620bea9f0 Thread added: 0x000001e620bea9f0
Event: 6.359 Thread 0x000001e620be4860 Thread added: 0x000001e620be4860
Event: 6.364 Thread 0x000001e620c63b20 Thread added: 0x000001e620c63b20
Event: 7.589 Thread 0x000001e620c625e0 Thread added: 0x000001e620c625e0
Event: 7.642 Thread 0x000001e620c62090 Thread added: 0x000001e620c62090
Event: 7.757 Thread 0x000001e620c61b40 Thread added: 0x000001e620c61b40


Dynamic libraries:
0x00007ff7bac20000 - 0x00007ff7bac30000 	C:\Program Files\Java\jdk-19\bin\java.exe
0x00007ffe552b0000 - 0x00007ffe554c6000 	C:\WINDOWS\SYSTEM32\ntdll.dll
0x00007ffe53270000 - 0x00007ffe53334000 	C:\WINDOWS\System32\KERNEL32.DLL
0x00007ffe52a50000 - 0x00007ffe52df7000 	C:\WINDOWS\System32\KERNELBASE.dll
0x00007ffe528d0000 - 0x00007ffe529e1000 	C:\WINDOWS\System32\ucrtbase.dll
0x00007ffe50250000 - 0x00007ffe50268000 	C:\Program Files\Java\jdk-19\bin\jli.dll
0x00007ffe53690000 - 0x00007ffe53742000 	C:\WINDOWS\System32\ADVAPI32.dll
0x00007ffe530c0000 - 0x00007ffe53167000 	C:\WINDOWS\System32\msvcrt.dll
0x00007ffe53750000 - 0x00007ffe537f8000 	C:\WINDOWS\System32\sechost.dll
0x00007ffe529f0000 - 0x00007ffe52a18000 	C:\WINDOWS\System32\bcrypt.dll
0x00007ffe55150000 - 0x00007ffe55265000 	C:\WINDOWS\System32\RPCRT4.dll
0x00007ffe533a0000 - 0x00007ffe5354e000 	C:\WINDOWS\System32\USER32.dll
0x00007ffe52a20000 - 0x00007ffe52a46000 	C:\WINDOWS\System32\win32u.dll
0x00007ffe54060000 - 0x00007ffe54089000 	C:\WINDOWS\System32\GDI32.dll
0x00007ffe52740000 - 0x00007ffe52859000 	C:\WINDOWS\System32\gdi32full.dll
0x00007ffe501a0000 - 0x00007ffe501bb000 	C:\Program Files\Java\jdk-19\bin\VCRUNTIME140.dll
0x00007ffe52e80000 - 0x00007ffe52f1a000 	C:\WINDOWS\System32\msvcp_win.dll
0x00007ffe2ce10000 - 0x00007ffe2d0a3000 	C:\WINDOWS\WinSxS\amd64_microsoft.windows.common-controls_6595b64144ccf1df_6.0.22621.3235_none_270f74e173860f98\COMCTL32.dll
0x00007ffe48100000 - 0x00007ffe4810a000 	C:\WINDOWS\SYSTEM32\VERSION.dll
0x00007ffe544b0000 - 0x00007ffe544e1000 	C:\WINDOWS\System32\IMM32.DLL
0x00007ffe50220000 - 0x00007ffe5022c000 	C:\Program Files\Java\jdk-19\bin\vcruntime140_1.dll
0x00007ffe3af80000 - 0x00007ffe3b00e000 	C:\Program Files\Java\jdk-19\bin\msvcp140.dll
0x00007ffe016e0000 - 0x00007ffe023a0000 	C:\Program Files\Java\jdk-19\bin\server\jvm.dll
0x00007ffe42c20000 - 0x00007ffe42c29000 	C:\WINDOWS\SYSTEM32\WSOCK32.dll
0x00007ffe50030000 - 0x00007ffe50064000 	C:\WINDOWS\SYSTEM32\WINMM.dll
0x00007ffe53560000 - 0x00007ffe535d1000 	C:\WINDOWS\System32\WS2_32.dll
0x00007ffe51610000 - 0x00007ffe51628000 	C:\WINDOWS\SYSTEM32\kernel.appcore.dll
0x00007ffe50190000 - 0x00007ffe5019a000 	C:\Program Files\Java\jdk-19\bin\jimage.dll
0x00007ffe4fdf0000 - 0x00007ffe50023000 	C:\WINDOWS\SYSTEM32\DBGHELP.DLL
0x00007ffe54dc0000 - 0x00007ffe55148000 	C:\WINDOWS\System32\combase.dll
0x00007ffe539d0000 - 0x00007ffe53aa7000 	C:\WINDOWS\System32\OLEAUT32.dll
0x00007ffe4fd70000 - 0x00007ffe4fda2000 	C:\WINDOWS\SYSTEM32\dbgcore.DLL
0x00007ffe52e00000 - 0x00007ffe52e79000 	C:\WINDOWS\System32\bcryptPrimitives.dll
0x00007ffe50070000 - 0x00007ffe5007e000 	C:\Program Files\Java\jdk-19\bin\instrument.dll
0x00007ffe4de00000 - 0x00007ffe4de26000 	C:\Program Files\Java\jdk-19\bin\java.dll
0x00007ffe39720000 - 0x00007ffe397f7000 	C:\Program Files\Java\jdk-19\bin\jsvml.dll
0x00007ffe54510000 - 0x00007ffe54d6c000 	C:\WINDOWS\System32\SHELL32.dll
0x00007ffe50530000 - 0x00007ffe50e29000 	C:\WINDOWS\SYSTEM32\windows.storage.dll
0x00007ffe503f0000 - 0x00007ffe5052e000 	C:\WINDOWS\SYSTEM32\wintypes.dll
0x00007ffe53ae0000 - 0x00007ffe53bd3000 	C:\WINDOWS\System32\SHCORE.dll
0x00007ffe52fe0000 - 0x00007ffe5303e000 	C:\WINDOWS\System32\shlwapi.dll
0x00007ffe52500000 - 0x00007ffe52521000 	C:\WINDOWS\SYSTEM32\profapi.dll
0x00007ffe42ec0000 - 0x00007ffe42ed8000 	C:\Program Files\Java\jdk-19\bin\zip.dll
0x00007ffe43db0000 - 0x00007ffe43dc3000 	C:\Program Files\Java\jdk-19\bin\net.dll
0x00007ffe495a0000 - 0x00007ffe496d6000 	C:\WINDOWS\SYSTEM32\WINHTTP.dll
0x00007ffe51a80000 - 0x00007ffe51ae9000 	C:\WINDOWS\system32\mswsock.dll
0x00007ffe431e0000 - 0x00007ffe431f6000 	C:\Program Files\Java\jdk-19\bin\nio.dll
0x00007ffe42ea0000 - 0x00007ffe42eba000 	D:\Program Files\JetBrains\IntelliJ IDEA 2020.3.4\bin\breakgen64.dll
0x00007ffe4d130000 - 0x00007ffe4d138000 	C:\Program Files\Java\jdk-19\bin\extnet.dll
0x00007ffe51150000 - 0x00007ffe51249000 	C:\WINDOWS\SYSTEM32\DNSAPI.dll
0x00007ffe510d0000 - 0x00007ffe510fd000 	C:\WINDOWS\SYSTEM32\IPHLPAPI.DLL
0x00007ffe539c0000 - 0x00007ffe539c9000 	C:\WINDOWS\System32\NSI.dll
0x00007ffe49750000 - 0x00007ffe4975a000 	C:\Windows\System32\rasadhlp.dll
0x00007ffe47b50000 - 0x00007ffe47bd3000 	C:\WINDOWS\System32\fwpuclnt.dll
0x00007ffe4d1c0000 - 0x00007ffe4d1ca000 	C:\Program Files\Java\jdk-19\bin\management.dll
0x00007ffe4d150000 - 0x00007ffe4d15b000 	C:\Program Files\Java\jdk-19\bin\management_ext.dll
0x00007ffe53550000 - 0x00007ffe53558000 	C:\WINDOWS\System32\PSAPI.DLL
0x00007ffe51cf0000 - 0x00007ffe51d0b000 	C:\WINDOWS\SYSTEM32\CRYPTSP.dll
0x00007ffe51570000 - 0x00007ffe515a5000 	C:\WINDOWS\system32\rsaenh.dll
0x00007ffe51b80000 - 0x00007ffe51ba8000 	C:\WINDOWS\SYSTEM32\USERENV.dll
0x00007ffe51ce0000 - 0x00007ffe51cec000 	C:\WINDOWS\SYSTEM32\CRYPTBASE.dll
0x00007ffe49760000 - 0x00007ffe49779000 	C:\WINDOWS\SYSTEM32\dhcpcsvc6.DLL
0x00007ffe49510000 - 0x00007ffe4952f000 	C:\WINDOWS\SYSTEM32\dhcpcsvc.DLL
0x00007ffdfc020000 - 0x00007ffdfc037000 	C:\WINDOWS\system32\napinsp.dll
0x00007ffdf5390000 - 0x00007ffdf53ab000 	C:\WINDOWS\system32\pnrpnsp.dll
0x00007ffdf5370000 - 0x00007ffdf5381000 	C:\WINDOWS\System32\winrnr.dll
0x00007ffe46580000 - 0x00007ffe46595000 	C:\WINDOWS\system32\wshbth.dll
0x00007ffdce840000 - 0x00007ffdce861000 	C:\WINDOWS\system32\nlansp_c.dll
0x00007ffe46df0000 - 0x00007ffe46dfe000 	C:\Program Files\Java\jdk-19\bin\sunmscapi.dll
0x00007ffe525d0000 - 0x00007ffe52737000 	C:\WINDOWS\System32\CRYPT32.dll
0x00007ffe51ea0000 - 0x00007ffe51ece000 	C:\WINDOWS\SYSTEM32\ncrypt.dll
0x00007ffe51e60000 - 0x00007ffe51e97000 	C:\WINDOWS\SYSTEM32\NTASN1.dll

dbghelp: loaded successfully - version: 4.0.5 - missing functions: none
symbol engine: initialized successfully - sym options: 0x614 - pdb path: .;C:\Program Files\Java\jdk-19\bin;C:\WINDOWS\SYSTEM32;C:\WINDOWS\WinSxS\amd64_microsoft.windows.common-controls_6595b64144ccf1df_6.0.22621.3235_none_270f74e173860f98;C:\Program Files\Java\jdk-19\bin\server;D:\Program Files\JetBrains\IntelliJ IDEA 2020.3.4\bin

VM Arguments:
jvm_args: -XX:TieredStopAtLevel=1 -Xverify:none -Dspring.output.ansi.enabled=always -javaagent:D:\Program Files\JetBrains\IntelliJ IDEA 2020.3.4\lib\idea_rt.jar=52214:D:\Program Files\JetBrains\IntelliJ IDEA 2020.3.4\bin -Dcom.sun.management.jmxremote -Dspring.jmx.enabled=true -Dspring.liveBeansView.mbeanDomain -Dspring.application.admin.enabled=true -Dfile.encoding=UTF-8 
java_command: com.example.demo.DemoApplication
java_class_path (initial): C:\Users\ttuan\OneDrive\My tnh\DoAnTotNghiep\DANT_Code\DATN\target\classes;C:\Users\ttuan\.m2\repository\org\springframework\boot\spring-boot-starter-thymeleaf\3.2.3\spring-boot-starter-thymeleaf-3.2.3.jar;C:\Users\ttuan\.m2\repository\org\springframework\boot\spring-boot-starter\3.2.3\spring-boot-starter-3.2.3.jar;C:\Users\ttuan\.m2\repository\org\springframework\boot\spring-boot-starter-logging\3.2.3\spring-boot-starter-logging-3.2.3.jar;C:\Users\ttuan\.m2\repository\ch\qos\logback\logback-classic\1.4.14\logback-classic-1.4.14.jar;C:\Users\ttuan\.m2\repository\ch\qos\logback\logback-core\1.4.14\logback-core-1.4.14.jar;C:\Users\ttuan\.m2\repository\org\apache\logging\log4j\log4j-to-slf4j\2.21.1\log4j-to-slf4j-2.21.1.jar;C:\Users\ttuan\.m2\repository\org\apache\logging\log4j\log4j-api\2.21.1\log4j-api-2.21.1.jar;C:\Users\ttuan\.m2\repository\org\slf4j\jul-to-slf4j\2.0.12\jul-to-slf4j-2.0.12.jar;C:\Users\ttuan\.m2\repository\org\yaml\snakeyaml\2.2\snakeyaml-2.2.jar;C:\Users\ttuan\.m2\repository\org\thymeleaf\thymeleaf-spring6\3.1.2.RELEASE\thymeleaf-spring6-3.1.2.RELEASE.jar;C:\Users\ttuan\.m2\repository\org\thymeleaf\thymeleaf\3.1.2.RELEASE\thymeleaf-3.1.2.RELEASE.jar;C:\Users\ttuan\.m2\repository\org\attoparser\attoparser\2.0.7.RELEASE\attoparser-2.0.7.RELEASE.jar;C:\Users\ttuan\.m2\repository\org\unbescape\unbescape\1.1.6.RELEASE\unbescape-1.1.6.RELEASE.jar;C:\Users\ttuan\.m2\repository\org\slf4j\slf4j-api\2.0.12\slf4j-api-2.0.12.jar;C:\Users\ttuan\.m2\repository\org\springframework\boot\spring-boot-starter-web\3.2.3\spring-boot-starter-web-3.2.3.jar;C:\Users\ttuan\.m2\repository\org\springframework\boot\spring-boot-starter-json\3.2.3\spring-boot-starter-json-3.2.3.jar;C:\Users\ttuan\.m2\repository\com\fasterxml\jackson\core\jackson-databind\2.15.4\jackson-databind-2.15.4.jar;C:\Users\ttuan\.m2\repository\com\fasterxml\jackson\core\jackson-annotations\2.15.4\jackson-annotations-2.15.4.jar;C:\Users\ttuan\.m2\repository\com\fasterxml\jackson\core\jackson-core\2.15.4\jackson-core-2.15.4.jar;C:\Users\ttuan\.m2\repository\com\fasterxml\jackson\datatype\jackson-datatype-jdk8\2.15.4\jackson-datatype-jdk8-2.15.4.jar;C:\Users\ttuan\.m2\repository\com\fasterxml\jackson\datatype\jackson-datatype-jsr310\2.15.4\jackson-datatype-jsr310-2.15.4.jar;C:\Users\ttuan\.m2\repository\com\fasterxml\jackson\module\jackson-module-parameter-names\2.15.4\jackson-module-parameter-names-2.15.4.jar;C:\Users\ttuan\.m2\repository\org\springframework\spring-web\6.1.4\spring-web-6.1.4.jar;C:\Users\ttuan\.m2\repository\org\springframework\spring-beans\6.1.4\spring-beans-6.1.4.jar;C:\Users\ttuan\.m2\repository\io\micrometer\micrometer-observation\1.12.3\micrometer-observation-1.12.3.jar;C:\Users\ttuan\.m2\repository\io\micrometer\micrometer-commons\1.12.3\micrometer-commons-1.12.3.jar;C:\Users\ttuan\.m2\repository\org\springframework\spring-webmvc\6.1.4\spring-webmvc-6.1.4.jar;C:\Users\ttuan\.m2\repository\org\springframework\spring-aop\6.1.4\spring-aop-6.1.4.jar;C:\Users\ttuan\.m2\repository\org\springframework\spring-context\6.1.4\spring-context-6.1.4.jar;C:\Users\ttuan\.m2\repository\org\springframework\spring-expression\6.1.4\spring-expression-6.1.4.jar;C:\Users\ttuan\.m2\repository\org\springframework\boot\spring-boot-starter-mail\3.2.3\spring-boot-starter-mail-3.2.3.jar;C:\Users\ttuan\.m2\repository\org\springframework\spring-context-support\6.1.4\spring-context-support-6.1.4.jar;C:\Users\ttuan\.m2\repository\org\eclipse\angus\jakarta.mail\2.0.2\jakarta.mail-2.0.2.jar;C:\Users\ttuan\.m2\repository\jakarta\activation\jakarta.activation-api\2.1.2\jakarta.activation-api-2.1.2.jar;C:\Users\ttuan\.m2\repository\org\eclipse\angus\angus-activation\2.0.1\angus-activation-2.0.1.jar;C:\Users\ttuan\.m2\repository\org\springframework\boot\spring-boot-starter-tomcat\3.2.3\spring-boot-starter-tomcat-3.2.3.jar;C:\Users\ttuan\.m2\repository\jakarta\annotation\jakarta.annotation-api\2.1.1\jakarta.annotation-api-2.1.1.jar;C:\Users\ttuan\.m2\repository\org\apache\tomcat\embed\tomcat-embed-core\10.1.19\tomcat-embed-core-10.1.19.jar;C:\Users\ttuan\.m2\repository\org\apache\tomcat\embed\tomcat-embed-el\10.1.19\tomcat-embed-el-10.1.19.jar;C:\Users\ttuan\.m2\repository\org\apache\tomcat\embed\tomcat-embed-websocket\10.1.19\tomcat-embed-websocket-10.1.19.jar;C:\Users\ttuan\.m2\repository\org\apache\tomcat\embed\tomcat-embed-jasper\10.1.19\tomcat-embed-jasper-10.1.19.jar;C:\Users\ttuan\.m2\repository\org\eclipse\jdt\ecj\3.33.0\ecj-3.33.0.jar;C:\Users\ttuan\.m2\repository\org\springframework\boot\spring-boot-starter-validation\3.2.3\spring-boot-starter-validation-3.2.3.jar;C:\Users\ttuan\.m2\repository\org\hibernate\validator\hibernate-validator\8.0.1.Final\hibernate-validator-8.0.1.Final.jar;C:\Users\ttuan\.m2\repository\jakarta\validation\jakarta.validation-api\3.0.2\jakarta.validation-api-3.0.2.jar;C:\Users\ttuan\.m2\repository\org\jboss\logging\jboss-logging\3.5.3.Final\jboss-logging-3.5.3.Final.jar;C:\Users\ttuan\.m2\repository\com\fasterxml\classmate\1.6.0\classmate-1.6.0.jar;C:\Users\ttuan\.m2\repository\jakarta\servlet\jsp\jstl\jakarta.servlet.jsp.jstl-api\3.0.0\jakarta.servlet.jsp.jstl-api-3.0.0.jar;C:\Users\ttuan\.m2\repository\jakarta\servlet\jakarta.servlet-api\6.0.0\jakarta.servlet-api-6.0.0.jar;C:\Users\ttuan\.m2\repository\jakarta\el\jakarta.el-api\5.0.0\jakarta.el-api-5.0.0.jar;C:\Users\ttuan\.m2\repository\org\glassfish\web\jakarta.servlet.jsp.jstl\3.0.1\jakarta.servlet.jsp.jstl-3.0.1.jar;C:\Users\ttuan\.m2\repository\org\springframework\boot\spring-boot-devtools\3.2.3\spring-boot-devtools-3.2.3.jar;C:\Users\ttuan\.m2\repository\org\springframework\boot\spring-boot\3.2.3\spring-boot-3.2.3.jar;C:\Users\ttuan\.m2\repository\org\springframework\boot\spring-boot-autoconfigure\3.2.3\spring-boot-autoconfigure-3.2.3.jar;C:\Users\ttuan\.m2\repository\org\projectlombok\lombok\1.18.30\lombok-1.18.30.jar;C:\Users\ttuan\.m2\repository\jakarta\xml\bind\jakarta.xml.bind-api\4.0.1\jakarta.xml.bind-api-4.0.1.jar;C:\Users\ttuan\.m2\repository\net\bytebuddy\byte-buddy\1.14.12\byte-buddy-1.14.12.jar;C:\Users\ttuan\.m2\repository\org\junit\jupiter\junit-jupiter\5.10.2\junit-jupiter-5.10.2.jar;C:\Users\ttuan\.m2\repository\org\junit\jupiter\junit-jupiter-api\5.10.2\junit-jupiter-api-5.10.2.jar;C:\Users\ttuan\.m2\repository\org\opentest4j\opentest4j\1.3.0\opentest4j-1.3.0.jar;C:\Users\ttuan\.m2\repository\org\junit\platform\junit-platform-commons\1.10.2\junit-platform-commons-1.10.2.jar;C:\Users\ttuan\.m2\repository\org\apiguardian\apiguardian-api\1.1.2\apiguardian-api-1.1.2.jar;C:\Users\ttuan\.m2\repository\org\junit\jupiter\junit-jupiter-params\5.10.2\junit-jupiter-params-5.10.2.jar;C:\Users\ttuan\.m2\repository\org\junit\jupiter\junit-jupiter-engine\5.10.2\junit-jupiter-engine-5.10.2.jar;C:\Users\ttuan\.m2\repository\org\junit\platform\junit-platform-engine\1.10.2\junit-platform-engine-1.10.2.jar;C:\Users\ttuan\.m2\repository\org\springframework\spring-core\6.1.4\spring-core-6.1.4.jar;C:\Users\ttuan\.m2\repository\org\springframework\spring-jcl\6.1.4\spring-jcl-6.1.4.jar;C:\Users\ttuan\.m2\repository\org\springframework\boot\spring-boot-starter-data-jpa\3.2.3\spring-boot-starter-data-jpa-3.2.3.jar;C:\Users\ttuan\.m2\repository\org\springframework\boot\spring-boot-starter-aop\3.2.3\spring-boot-starter-aop-3.2.3.jar;C:\Users\ttuan\.m2\repository\org\aspectj\aspectjweaver\1.9.21\aspectjweaver-1.9.21.jar;C:\Users\ttuan\.m2\repository\org\springframework\boot\spring-boot-starter-jdbc\3.2.3\spring-boot-starter-jdbc-3.2.3.jar;C:\Users\ttuan\.m2\repository\com\zaxxer\HikariCP\5.0.1\HikariCP-5.0.1.jar;C:\Users\ttuan\.m2\repository\org\springframework\spring-jdbc\6.1.4\spring-jdbc-6.1.4.jar;C:\Users\ttuan\.m2\repository\org\hibernate\orm\hibernate-core\6.4.4.Final\hibernate-core-6.4.4.Final.jar;C:\Users\ttuan\.m2\repository\jakarta\persistence\jakarta.persistence-api\3.1.0\jakarta.persistence-api-3.1.0.jar;C:\Users\ttuan\.m2\repository\jakarta\transaction\jakarta.transaction-api\2.0.1\jakarta.transaction-api-2.0.1.jar;C:\Users\ttuan\.m2\repository\org\hibernate\common\hibernate-commons-annotations\6.0.6.Final\hibernate-commons-annotations-6.0.6.Final.jar;C:\Users\ttuan\.m2\repository\io\smallrye\jandex\3.1.2\jandex-3.1.2.jar;C:\Users\ttuan\.m2\repository\org\glassfish\jaxb\jaxb-runtime\4.0.4\jaxb-runtime-4.0.4.jar;C:\Users\ttuan\.m2\repository\org\glassfish\jaxb\jaxb-core\4.0.4\jaxb-core-4.0.4.jar;C:\Users\ttuan\.m2\repository\org\glassfish\jaxb\txw2\4.0.4\txw2-4.0.4.jar;C:\Users\ttuan\.m2\repository\com\sun\istack\istack-commons-runtime\4.1.2\istack-commons-runtime-4.1.2.jar;C:\Users\ttuan\.m2\repository\jakarta\inject\jakarta.inject-api\2.0.1\jakarta.inject-api-2.0.1.jar;C:\Users\ttuan\.m2\repository\org\antlr\antlr4-runtime\4.13.0\antlr4-runtime-4.13.0.jar;C:\Users\ttuan\.m2\repository\org\springframework\data\spring-data-jpa\3.2.3\spring-data-jpa-3.2.3.jar;C:\Users\ttuan\.m2\repository\org\springframework\data\spring-data-commons\3.2.3\spring-data-commons-3.2.3.jar;C:\Users\ttuan\.m2\repository\org\springframework\spring-orm\6.1.4\spring-orm-6.1.4.jar;C:\Users\ttuan\.m2\repository\org\springframework\spring-tx\6.1.4\spring-tx-6.1.4.jar;C:\Users\ttuan\.m2\repository\org\springframework\spring-aspects\6.1.4\spring-aspects-6.1.4.jar;C:\Users\ttuan\.m2\repository\com\microsoft\sqlserver\mssql-jdbc\9.4.1.jre16\mssql-jdbc-9.4.1.jre16.jar;C:\Users\ttuan\.m2\repository\com\itextpdf\itextpdf\5.5.13.3\itextpdf-5.5.13.3.jar;C:\Users\ttuan\.m2\repository\org\apache\pdfbox\pdfbox\3.0.1\pdfbox-3.0.1.jar;C:\Users\ttuan\.m2\repository\org\apache\pdfbox\pdfbox-io\3.0.1\pdfbox-io-3.0.1.jar;C:\Users\ttuan\.m2\repository\org\apache\pdfbox\fontbox\3.0.1\fontbox-3.0.1.jar;C:\Users\ttuan\.m2\repository\commons-logging\commons-logging\1.2\commons-logging-1.2.jar;C:\Users\ttuan\.m2\repository\com\google\zxing\core\3.4.1\core-3.4.1.jar;C:\Users\ttuan\.m2\repository\com\google\zxing\javase\3.4.1\javase-3.4.1.jar;C:\Users\ttuan\.m2\repository\com\beust\jcommander\1.78\jcommander-1.78.jar;C:\Users\ttuan\.m2\repository\com\github\jai-imageio\jai-imageio-core\1.4.0\jai-imageio-core-1.4.0.jar;C:\Users\ttuan\.m2\repository\org\json\json\20210307\json-20210307.jar
Launcher Type: SUN_STANDARD

[Global flags]
     intx CICompilerCount                          = 4                                         {product} {ergonomic}
     uint ConcGCThreads                            = 2                                         {product} {ergonomic}
     uint G1ConcRefinementThreads                  = 8                                         {product} {ergonomic}
   size_t G1HeapRegionSize                         = 1048576                                   {product} {ergonomic}
    uintx GCDrainStackTargetSize                   = 64                                        {product} {ergonomic}
   size_t InitialHeapSize                          = 130023424                                 {product} {ergonomic}
     bool ManagementServer                         = true                                      {product} {command line}
   size_t MarkStackSize                            = 4194304                                   {product} {ergonomic}
   size_t MaxHeapSize                              = 2080374784                                {product} {ergonomic}
   size_t MaxNewSize                               = 1247805440                                {product} {ergonomic}
   size_t MinHeapDeltaBytes                        = 1048576                                   {product} {ergonomic}
   size_t MinHeapSize                              = 8388608                                   {product} {ergonomic}
    uintx NonProfiledCodeHeapSize                  = 0                                      {pd product} {ergonomic}
     bool ProfileInterpreter                       = false                                  {pd product} {command line}
    uintx ProfiledCodeHeapSize                     = 0                                      {pd product} {ergonomic}
   size_t SoftMaxHeapSize                          = 2080374784                             {manageable} {ergonomic}
     intx TieredStopAtLevel                        = 1                                         {product} {command line}
     bool UseCompressedClassPointers               = true                           {product lp64_product} {ergonomic}
     bool UseCompressedOops                        = true                           {product lp64_product} {ergonomic}
     bool UseG1GC                                  = true                                      {product} {ergonomic}
     bool UseLargePagesIndividualAllocation        = false                                  {pd product} {ergonomic}

Logging:
Log output configuration:
 #0: stdout all=warning uptime,level,tags foldmultilines=false
 #1: stderr all=off uptime,level,tags foldmultilines=false

Environment Variables:
PATH=C:\Program Files\Microsoft MPI\Bin\;C:\Program Files\Common Files\Oracle\Java\javapath;C:\WINDOWS\system32;C:\WINDOWS;C:\WINDOWS\System32\Wbem;C:\WINDOWS\System32\WindowsPowerShell\v1.0\;C:\WINDOWS\System32\OpenSSH\;C:\Program Files\dotnet\;C:\Program Files (x86)\Microsoft SQL Server\160\Tools\Binn\;C:\Program Files\Microsoft SQL Server\160\Tools\Binn\;C:\Program Files\Microsoft SQL Server\Client SDK\ODBC\170\Tools\Binn\;C:\Program Files\Microsoft SQL Server\160\DTS\Binn\;C:\Program Files (x86)\Microsoft SQL Server\160\DTS\Binn\;C:\Program Files\Azure Data Studio\bin;C:\Program Files\Git\cmd;C:\Program Files\nodejs\;C:\Users\ttuan\AppData\Local\Microsoft\WindowsApps;C:\Program Files\Azure Data Studio\bin;C:\Users\ttuan\AppData\Local\Programs\Microsoft VS Code\bin;C:\Users\ttuan\AppData\Roaming\npm;C:\Users\ttuan\AppData\Local\GitHubDesktop\bin
USERNAME=ttuan
OS=Windows_NT
PROCESSOR_IDENTIFIER=Intel64 Family 6 Model 140 Stepping 2, GenuineIntel
TMP=C:\Users\ttuan\AppData\Local\Temp
TEMP=C:\Users\ttuan\AppData\Local\Temp



---------------  S Y S T E M  ---------------

OS:
 Windows 11 , 64 bit Build 22621 (10.0.22621.3374)
OS uptime: 14 days 18:54 hours

CPU: total 8 (initial active 8) (4 cores per cpu, 2 threads per core) family 6 model 140 stepping 2 microcode 0x16, cx8, cmov, fxsr, ht, mmx, 3dnowpref, sse, sse2, sse3, ssse3, sse4.1, sse4.2, popcnt, lzcnt, tsc, tscinvbit, avx, avx2, aes, erms, clmul, bmi1, bmi2, adx, avx512f, avx512dq, avx512cd, avx512bw, avx512vl, sha, fma, vzeroupper, avx512_vpopcntdq, avx512_vpclmulqdq, avx512_vaes, avx512_vnni, clflush, clflushopt, clwb, avx512_vbmi2, avx512_vbmi, rdtscp, rdpid, fsrm, gfni, avx512_bitalg

Memory: 4k page, system-wide physical 7930M (298M free)
TotalPageFile size 29139M (AvailPageFile size 65M)
current process WorkingSet (physical memory assigned to process): 253M, peak: 253M
current process commit charge ("private bytes"): 321M, peak: 420M

vm_info: Java HotSpot(TM) 64-Bit Server VM (19.0.2+7-44) for windows-amd64 JRE (19.0.2+7-44), built on 2022-11-30T18:02:09Z by "mach5one" with MS VC++ 17.1 (VS2022)

END.
